[    60.052] _XSERVTransSocketUNIXCreateListener: ...SocketCreateListener() failed
[    60.053] _XSERVTransMakeAllCOTSServerListeners: server already running
[    60.053] (--) Log file renamed from "/home/alex/.local/share/xorg/Xorg.pid-1401.log" to "/home/alex/.local/share/xorg/Xorg.1.log"
[    60.054] 
X.Org X Server 1.20.4
X Protocol Version 11, Revision 0
[    60.055] Build Operating System: Linux 4.4.0-148-generic x86_64 Ubuntu
[    60.055] Current Operating System: Linux alex-VirtualBox 5.0.0-23-generic #24~18.04.1-Ubuntu SMP Mon Jul 29 16:12:28 UTC 2019 x86_64
[    60.055] Kernel command line: BOOT_IMAGE=/boot/vmlinuz-5.0.0-23-generic root=UUID=418a7f1f-969c-40c0-aec4-399bc21418a9 ro quiet splash
[    60.055] Build Date: 02 May 2019  08:06:54AM
[    60.055] xorg-server-hwe-18.04 2:1.20.4-1ubuntu3~18.04.1 (For technical support please see http://www.ubuntu.com/support) 
[    60.055] Current version of pixman: 0.34.0
[    60.056] 	Before reporting problems, check http://wiki.x.org
	to make sure that you have the latest version.
[    60.056] Markers: (--) probed, (**) from config file, (==) default setting,
	(++) from command line, (!!) notice, (II) informational,
	(WW) warning, (EE) error, (NI) not implemented, (??) unknown.
[    60.056] (==) Log file: "/home/alex/.local/share/xorg/Xorg.1.log", Time: Tue Feb 11 18:48:56 2020
[    60.057] (==) Using system config directory "/usr/share/X11/xorg.conf.d"
[    60.057] (==) No Layout section.  Using the first Screen section.
[    60.058] (==) No screen section available. Using defaults.
[    60.059] (**) |-->Screen "Default Screen Section" (0)
[    60.059] (**) |   |-->Monitor "<default monitor>"
[    60.060] (==) No monitor specified for screen "Default Screen Section".
	Using a default monitor configuration.
[    60.060] (==) Automatically adding devices
[    60.060] (==) Automatically enabling devices
[    60.060] (==) Automatically adding GPU devices
[    60.060] (==) Automatically binding GPU devices
[    60.060] (==) Max clients allowed: 256, resource mask: 0x1fffff
[    60.060] (WW) The directory "/usr/share/fonts/X11/cyrillic" does not exist.
[    60.060] 	Entry deleted from font path.
[    60.060] (WW) The directory "/usr/share/fonts/X11/100dpi/" does not exist.
[    60.060] 	Entry deleted from font path.
[    60.061] (WW) The directory "/usr/share/fonts/X11/75dpi/" does not exist.
[    60.062] 	Entry deleted from font path.
[    60.062] (WW) The directory "/usr/share/fonts/X11/100dpi" does not exist.
[    60.062] 	Entry deleted from font path.
[    60.062] (WW) The directory "/usr/share/fonts/X11/75dpi" does not exist.
[    60.062] 	Entry deleted from font path.
[    60.062] (==) FontPath set to:
	/usr/share/fonts/X11/misc,
	/usr/share/fonts/X11/Type1,
	built-ins
[    60.062] (==) ModulePath set to "/usr/lib/xorg/modules"
[    60.063] (II) The server relies on udev to provide the list of input devices.
	If no devices become available, reconfigure udev or disable AutoAddDevices.
[    60.063] (II) Loader magic: 0x560ecbe48020
[    60.063] (II) Module ABI versions:
[    60.063] 	X.Org ANSI C Emulation: 0.4
[    60.063] 	X.Org Video Driver: 24.0
[    60.063] 	X.Org XInput driver : 24.1
[    60.063] 	X.Org Server Extension : 10.0
[    60.064] (++) using VT number 1

[    60.066] (II) systemd-logind: took control of session /org/freedesktop/login1/session/_34
[    60.069] (II) xfree86: Adding drm device (/dev/dri/card0)
[    60.073] (II) systemd-logind: got fd for /dev/dri/card0 226:0 fd 13 paused 0
[    60.077] (--) PCI:*(0@0:2:0) 15ad:0405:15ad:0405 rev 0, Mem @ 0xf0000000/16777216, 0xf1000000/2097152, I/O @ 0x0000d010/16, BIOS @ 0x????????/131072
[    60.077] (II) LoadModule: "glx"
[    60.078] (II) Loading /usr/lib/xorg/modules/extensions/libglx.so
[    60.080] (II) Module glx: vendor="X.Org Foundation"
[    60.080] 	compiled for 1.20.4, module version = 1.0.0
[    60.080] 	ABI class: X.Org Server Extension, version 10.0
[    60.080] (==) Matched vmware as autoconfigured driver 0
[    60.080] (==) Matched modesetting as autoconfigured driver 1
[    60.080] (==) Matched fbdev as autoconfigured driver 2
[    60.080] (==) Matched vesa as autoconfigured driver 3
[    60.080] (==) Assigned the driver to the xf86ConfigLayout
[    60.080] (II) LoadModule: "vmware"
[    60.081] (II) Loading /usr/lib/xorg/modules/drivers/vmware_drv.so
[    60.111] (II) Module vmware: vendor="X.Org Foundation"
[    60.111] 	compiled for 1.20.1, module version = 13.3.0
[    60.111] 	Module class: X.Org Video Driver
[    60.111] 	ABI class: X.Org Video Driver, version 24.0
[    60.111] (II) LoadModule: "modesetting"
[    60.112] (II) Loading /usr/lib/xorg/modules/drivers/modesetting_drv.so
[    60.113] (II) Module modesetting: vendor="X.Org Foundation"
[    60.113] 	compiled for 1.20.4, module version = 1.20.4
[    60.113] 	Module class: X.Org Video Driver
[    60.113] 	ABI class: X.Org Video Driver, version 24.0
[    60.113] (II) LoadModule: "fbdev"
[    60.114] (II) Loading /usr/lib/xorg/modules/drivers/fbdev_drv.so
[    60.114] (II) Module fbdev: vendor="X.Org Foundation"
[    60.114] 	compiled for 1.20.1, module version = 0.5.0
[    60.114] 	Module class: X.Org Video Driver
[    60.114] 	ABI class: X.Org Video Driver, version 24.0
[    60.114] (II) LoadModule: "vesa"
[    60.114] (II) Loading /usr/lib/xorg/modules/drivers/vesa_drv.so
[    60.115] (II) Module vesa: vendor="X.Org Foundation"
[    60.115] 	compiled for 1.20.1, module version = 2.4.0
[    60.115] 	Module class: X.Org Video Driver
[    60.115] 	ABI class: X.Org Video Driver, version 24.0
[    60.115] (II) vmware: driver for VMware SVGA: vmware0405, vmware0710
[    60.116] (II) modesetting: Driver for Modesetting Kernel Drivers: kms
[    60.116] (II) FBDEV: driver for framebuffer: fbdev
[    60.117] (II) VESA: driver for VESA chipsets: vesa
[    60.117] xf86EnableIOPorts: failed to set IOPL for I/O (Operation not permitted)
[    60.117] (WW) Falling back to old probe method for modesetting
[    60.117] (WW) Falling back to old probe method for fbdev
[    60.117] (II) Loading sub module "fbdevhw"
[    60.117] (II) LoadModule: "fbdevhw"
[    60.118] (II) Loading /usr/lib/xorg/modules/libfbdevhw.so
[    60.118] (II) Module fbdevhw: vendor="X.Org Foundation"
[    60.118] 	compiled for 1.20.4, module version = 0.0.2
[    60.118] 	ABI class: X.Org Video Driver, version 24.0
[    60.118] (EE) open /dev/fb0: Permission denied
[    60.119] (WW) VGA arbiter: cannot open kernel arbiter, no multi-card support
[    60.119] (II) vmware(0): Creating default Display subsection in Screen section
	"Default Screen Section" for depth/fbbpp 24/32
[    60.119] (--) vmware(0): DRM driver version is 2.15.0
[    60.119] (==) vmware(0): Depth 24, (--) framebuffer bpp 32
[    60.119] (==) vmware(0): RGB weight 888
[    60.119] (==) vmware(0): Default visual is TrueColor
[    60.120] (--) vmware(0): Min width 1, Max Width 8192.
[    60.120] (--) vmware(0): Min height 1, Max Height 8192.
[    60.120] (II) vmware(0): Output Virtual1 has no monitor section
[    60.121] (II) vmware(0): Output Virtual2 has no monitor section
[    60.121] (II) vmware(0): Output Virtual3 has no monitor section
[    60.121] (II) vmware(0): Output Virtual4 has no monitor section
[    60.122] (II) vmware(0): Output Virtual5 has no monitor section
[    60.122] (II) vmware(0): Output Virtual6 has no monitor section
[    60.122] (II) vmware(0): Output Virtual7 has no monitor section
[    60.122] (II) vmware(0): Output Virtual8 has no monitor section
[    60.122] (II) vmware(0): Printing probed modes for output Virtual1
[    60.122] (II) vmware(0): Modeline "800x600"x60.0   42.75  800 850 900 950  600 650 700 750 -hsync +vsync (45.0 kHz eP)
[    60.122] (II) vmware(0): Modeline "2560x1600"x60.0  348.50  2560 2752 3032 3504  1600 1603 1609 1658 -hsync +vsync (99.5 kHz e)
[    60.122] (II) vmware(0): Modeline "1920x1440"x60.0  234.00  1920 2048 2256 2600  1440 1441 1444 1500 -hsync +vsync (90.0 kHz e)
[    60.122] (II) vmware(0): Modeline "1856x1392"x60.0  218.25  1856 1952 2176 2528  1392 1393 1396 1439 -hsync +vsync (86.3 kHz e)
[    60.123] (II) vmware(0): Modeline "1792x1344"x60.0  204.75  1792 1920 2120 2448  1344 1345 1348 1394 -hsync +vsync (83.6 kHz e)
[    60.123] (II) vmware(0): Modeline "1920x1200"x59.9  193.25  1920 2056 2256 2592  1200 1203 1209 1245 -hsync +vsync (74.6 kHz e)
[    60.123] (II) vmware(0): Modeline "1600x1200"x60.0  162.00  1600 1664 1856 2160  1200 1201 1204 1250 +hsync +vsync (75.0 kHz e)
[    60.123] (II) vmware(0): Modeline "1680x1050"x60.0  146.25  1680 1784 1960 2240  1050 1053 1059 1089 -hsync +vsync (65.3 kHz e)
[    60.123] (II) vmware(0): Modeline "1400x1050"x60.0  121.75  1400 1488 1632 1864  1050 1053 1057 1089 -hsync +vsync (65.3 kHz e)
[    60.123] (II) vmware(0): Modeline "1280x1024"x60.0  108.00  1280 1328 1440 1688  1024 1025 1028 1066 +hsync +vsync (64.0 kHz e)
[    60.123] (II) vmware(0): Modeline "1440x900"x59.9  106.50  1440 1520 1672 1904  900 903 909 934 -hsync +vsync (55.9 kHz e)
[    60.123] (II) vmware(0): Modeline "1280x960"x60.0  108.00  1280 1376 1488 1800  960 961 964 1000 +hsync +vsync (60.0 kHz e)
[    60.123] (II) vmware(0): Modeline "1360x768"x60.0   85.50  1360 1424 1536 1792  768 771 777 795 +hsync +vsync (47.7 kHz e)
[    60.123] (II) vmware(0): Modeline "1280x800"x59.8   83.50  1280 1352 1480 1680  800 803 809 831 +hsync -vsync (49.7 kHz e)
[    60.123] (II) vmware(0): Modeline "1152x864"x75.0  108.00  1152 1216 1344 1600  864 865 868 900 +hsync +vsync (67.5 kHz e)
[    60.123] (II) vmware(0): Modeline "1280x768"x59.9   79.50  1280 1344 1472 1664  768 771 778 798 -hsync +vsync (47.8 kHz e)
[    60.124] (II) vmware(0): Modeline "1024x768"x60.0   65.00  1024 1048 1184 1344  768 771 777 806 -hsync -vsync (48.4 kHz e)
[    60.124] (II) vmware(0): Modeline "800x600"x60.3   40.00  800 840 968 1056  600 601 605 628 +hsync +vsync (37.9 kHz e)
[    60.124] (II) vmware(0): Modeline "640x480"x59.9   25.18  640 656 752 800  480 489 492 525 -hsync -vsync (31.5 kHz e)
[    60.124] (II) vmware(0): EDID for output Virtual2
[    60.125] (II) vmware(0): EDID for output Virtual3
[    60.125] (II) vmware(0): EDID for output Virtual4
[    60.125] (II) vmware(0): EDID for output Virtual5
[    60.125] (II) vmware(0): EDID for output Virtual6
[    60.125] (II) vmware(0): EDID for output Virtual7
[    60.125] (II) vmware(0): EDID for output Virtual8
[    60.125] (II) vmware(0): Output Virtual1 connected
[    60.125] (II) vmware(0): Output Virtual2 disconnected
[    60.125] (II) vmware(0): Output Virtual3 disconnected
[    60.126] (II) vmware(0): Output Virtual4 disconnected
[    60.126] (II) vmware(0): Output Virtual5 disconnected
[    60.126] (II) vmware(0): Output Virtual6 disconnected
[    60.126] (II) vmware(0): Output Virtual7 disconnected
[    60.126] (II) vmware(0): Output Virtual8 disconnected
[    60.126] (II) vmware(0): Using exact sizes for initial modes
[    60.126] (II) vmware(0): Output Virtual1 using initial mode 800x600 +0+0
[    60.126] (==) vmware(0): DPI set to (96, 96)
[    60.126] (==) vmware(0): Using gamma correction (1.0, 1.0, 1.0)
[    60.126] (II) Loading sub module "fb"
[    60.126] (II) LoadModule: "fb"
[    60.126] (II) Loading /usr/lib/xorg/modules/libfb.so
[    60.126] (II) Module fb: vendor="X.Org Foundation"
[    60.126] 	compiled for 1.20.4, module version = 1.0.0
[    60.126] 	ABI class: X.Org ANSI C Emulation, version 0.4
[    60.126] (II) Loading sub module "dri2"
[    60.126] (II) LoadModule: "dri2"
[    60.126] (II) Module "dri2" already built-in
[    60.126] (II) Loading sub module "dri3"
[    60.126] (II) LoadModule: "dri3"
[    60.126] (II) Module "dri3" already built-in
[    60.126] (II) UnloadModule: "modesetting"
[    60.126] (II) Unloading modesetting
[    60.126] (II) UnloadModule: "fbdev"
[    60.126] (II) Unloading fbdev
[    60.126] (II) UnloadSubModule: "fbdevhw"
[    60.126] (II) Unloading fbdevhw
[    60.126] (II) UnloadModule: "vesa"
[    60.126] (II) Unloading vesa
[    60.126] (II) vmware(0): Initialized VMWARE_CTRL extension version 0.2
[    60.132] (WW) vmware(0): Failed to initialize Gallium3D Xa. No render acceleration available.
[    60.132] (WW) vmware(0): Skipped initialization of direct rendering due to lack of render acceleration.
[    60.132] (--) vmware(0): Render acceleration is disabled.
[    60.132] (==) vmware(0): Rendercheck mode is disabled.
[    60.132] (--) vmware(0): Direct rendering (DRI2 3D) is disabled.
[    60.132] (--) vmware(0): Direct rendering (DRI3 3D) is disabled.
[    60.132] (==) vmware(0): Backing store enabled
[    60.132] (==) vmware(0): Silken mouse enabled
[    60.133] (==) vmware(0): DPMS enabled
[    60.133] (II) vmware(0): No 3D acceleration. Not setting up textured video.
[    60.133] (WW) vmware(0): Disabling Xv because no adaptors could be initialized.
[    60.133] (II) Initializing extension Generic Event Extension
[    60.133] (II) Initializing extension SHAPE
[    60.133] (II) Initializing extension MIT-SHM
[    60.134] (II) Initializing extension XInputExtension
[    60.134] (II) Initializing extension XTEST
[    60.134] (II) Initializing extension BIG-REQUESTS
[    60.134] (II) Initializing extension SYNC
[    60.134] (II) Initializing extension XKEYBOARD
[    60.135] (II) Initializing extension XC-MISC
[    60.135] (II) Initializing extension SECURITY
[    60.135] (II) Initializing extension XFIXES
[    60.135] (II) Initializing extension RENDER
[    60.135] (II) Initializing extension RANDR
[    60.136] (II) Initializing extension COMPOSITE
[    60.136] (II) Initializing extension DAMAGE
[    60.136] (II) Initializing extension MIT-SCREEN-SAVER
[    60.136] (II) Initializing extension DOUBLE-BUFFER
[    60.136] (II) Initializing extension RECORD
[    60.136] (II) Initializing extension DPMS
[    60.136] (II) Initializing extension Present
[    60.137] (II) Initializing extension DRI3
[    60.137] (II) Initializing extension X-Resource
[    60.137] (II) Initializing extension XVideo
[    60.137] (II) Initializing extension XVideo-MotionCompensation
[    60.137] (II) Initializing extension SELinux
[    60.137] (II) SELinux: Disabled on system
[    60.137] (II) Initializing extension GLX
[    60.137] (II) AIGLX: Screen 0 is not DRI2 capable
[    60.140] (II) IGLX: Loaded and initialized swrast
[    60.140] (II) GLX: Initialized DRISWRAST GL provider for screen 0
[    60.140] (II) Initializing extension XFree86-VidModeExtension
[    60.141] (II) Initializing extension XFree86-DGA
[    60.141] (II) Initializing extension XFree86-DRI
[    60.141] (II) Initializing extension DRI2
[    60.145] (II) vmware(0): Setting screen physical size to 211 x 158
[    60.180] (II) config/udev: Adding input device Power Button (/dev/input/event0)
[    60.181] (**) Power Button: Applying InputClass "libinput keyboard catchall"
[    60.181] (II) LoadModule: "libinput"
[    60.181] (II) Loading /usr/lib/xorg/modules/input/libinput_drv.so
[    60.183] (II) Module libinput: vendor="X.Org Foundation"
[    60.183] 	compiled for 1.20.1, module version = 0.28.1
[    60.184] 	Module class: X.Org XInput Driver
[    60.184] 	ABI class: X.Org XInput driver, version 24.1
[    60.184] (II) Using input driver 'libinput' for 'Power Button'
[    60.196] (II) systemd-logind: got fd for /dev/input/event0 13:64 fd 21 paused 0
[    60.197] (**) Power Button: always reports core events
[    60.197] (**) Option "Device" "/dev/input/event0"
[    60.197] (**) Option "_source" "server/udev"
[    60.198] (II) event0  - Power Button: is tagged by udev as: Keyboard
[    60.198] (II) event0  - Power Button: device is a keyboard
[    60.199] (II) event0  - Power Button: device removed
[    60.199] (**) Option "config_info" "udev:/sys/devices/LNXSYSTM:00/LNXPWRBN:00/input/input0/event0"
[    60.199] (II) XINPUT: Adding extended input device "Power Button" (type: KEYBOARD, id 6)
[    60.199] (**) Option "xkb_model" "pc105"
[    60.199] (**) Option "xkb_layout" "us"
[    60.201] (II) event0  - Power Button: is tagged by udev as: Keyboard
[    60.201] (II) event0  - Power Button: device is a keyboard
[    60.202] (II) config/udev: Adding input device Sleep Button (/dev/input/event1)
[    60.202] (**) Sleep Button: Applying InputClass "libinput keyboard catchall"
[    60.202] (II) Using input driver 'libinput' for 'Sleep Button'
[    60.203] (II) systemd-logind: got fd for /dev/input/event1 13:65 fd 24 paused 0
[    60.204] (**) Sleep Button: always reports core events
[    60.204] (**) Option "Device" "/dev/input/event1"
[    60.204] (**) Option "_source" "server/udev"
[    60.206] (II) event1  - Sleep Button: is tagged by udev as: Keyboard
[    60.207] (II) event1  - Sleep Button: device is a keyboard
[    60.208] (II) event1  - Sleep Button: device removed
[    60.208] (**) Option "config_info" "udev:/sys/devices/LNXSYSTM:00/LNXSLPBN:00/input/input1/event1"
[    60.208] (II) XINPUT: Adding extended input device "Sleep Button" (type: KEYBOARD, id 7)
[    60.208] (**) Option "xkb_model" "pc105"
[    60.208] (**) Option "xkb_layout" "us"
[    60.209] (II) event1  - Sleep Button: is tagged by udev as: Keyboard
[    60.209] (II) event1  - Sleep Button: device is a keyboard
[    60.210] (II) config/udev: Adding input device Video Bus (/dev/input/event3)
[    60.210] (**) Video Bus: Applying InputClass "libinput keyboard catchall"
[    60.210] (II) Using input driver 'libinput' for 'Video Bus'
[    60.212] (II) systemd-logind: got fd for /dev/input/event3 13:67 fd 25 paused 0
[    60.212] (**) Video Bus: always reports core events
[    60.212] (**) Option "Device" "/dev/input/event3"
[    60.212] (**) Option "_source" "server/udev"
[    60.213] (II) event3  - Video Bus: is tagged by udev as: Keyboard
[    60.213] (II) event3  - Video Bus: device is a keyboard
[    60.213] (II) event3  - Video Bus: device removed
[    60.213] (**) Option "config_info" "udev:/sys/devices/LNXSYSTM:00/LNXSYBUS:00/PNP0A03:00/LNXVIDEO:00/input/input4/event3"
[    60.213] (II) XINPUT: Adding extended input device "Video Bus" (type: KEYBOARD, id 8)
[    60.213] (**) Option "xkb_model" "pc105"
[    60.213] (**) Option "xkb_layout" "us"
[    60.216] (II) event3  - Video Bus: is tagged by udev as: Keyboard
[    60.216] (II) event3  - Video Bus: device is a keyboard
[    60.217] (II) config/udev: Adding input device VirtualBox mouse integration (/dev/input/event6)
[    60.218] (**) VirtualBox mouse integration: Applying InputClass "libinput pointer catchall"
[    60.219] (II) Using input driver 'libinput' for 'VirtualBox mouse integration'
[    60.220] (II) systemd-logind: got fd for /dev/input/event6 13:70 fd 26 paused 0
[    60.221] (**) VirtualBox mouse integration: always reports core events
[    60.221] (**) Option "Device" "/dev/input/event6"
[    60.221] (**) Option "_source" "server/udev"
[    60.222] (II) event6  - VirtualBox mouse integration: is tagged by udev as: Mouse
[    60.222] (II) event6  - VirtualBox mouse integration: device is a pointer
[    60.222] (II) event6  - VirtualBox mouse integration: device removed
[    60.222] (**) Option "config_info" "udev:/sys/devices/pci0000:00/0000:00:04.0/input/input7/event6"
[    60.222] (II) XINPUT: Adding extended input device "VirtualBox mouse integration" (type: MOUSE, id 9)
[    60.224] (**) Option "AccelerationScheme" "none"
[    60.224] (**) VirtualBox mouse integration: (accel) selected scheme none/0
[    60.224] (**) VirtualBox mouse integration: (accel) acceleration factor: 2.000
[    60.224] (**) VirtualBox mouse integration: (accel) acceleration threshold: 4
[    60.225] (II) event6  - VirtualBox mouse integration: is tagged by udev as: Mouse
[    60.225] (II) event6  - VirtualBox mouse integration: device is a pointer
[    60.228] (II) config/udev: Adding input device VirtualBox mouse integration (/dev/input/js1)
[    60.229] (II) No input driver specified, ignoring this device.
[    60.229] (II) This device may have been added with another device file.
[    60.230] (II) config/udev: Adding input device VirtualBox USB Tablet (/dev/input/event5)
[    60.230] (**) VirtualBox USB Tablet: Applying InputClass "libinput pointer catchall"
[    60.231] (II) Using input driver 'libinput' for 'VirtualBox USB Tablet'
[    60.232] (II) systemd-logind: got fd for /dev/input/event5 13:69 fd 27 paused 0
[    60.232] (**) VirtualBox USB Tablet: always reports core events
[    60.232] (**) Option "Device" "/dev/input/event5"
[    60.232] (**) Option "_source" "server/udev"
[    60.233] (II) event5  - VirtualBox USB Tablet: is tagged by udev as: Mouse
[    60.233] (II) event5  - VirtualBox USB Tablet: device is a pointer
[    60.233] (II) event5  - VirtualBox USB Tablet: device removed
[    60.235] (**) Option "config_info" "udev:/sys/devices/pci0000:00/0000:00:06.0/usb1/1-1/1-1:1.0/0003:80EE:0021.0001/input/input6/event5"
[    60.235] (II) XINPUT: Adding extended input device "VirtualBox USB Tablet" (type: MOUSE, id 10)
[    60.235] (**) Option "AccelerationScheme" "none"
[    60.235] (**) VirtualBox USB Tablet: (accel) selected scheme none/0
[    60.235] (**) VirtualBox USB Tablet: (accel) acceleration factor: 2.000
[    60.235] (**) VirtualBox USB Tablet: (accel) acceleration threshold: 4
[    60.236] (II) event5  - VirtualBox USB Tablet: is tagged by udev as: Mouse
[    60.236] (II) event5  - VirtualBox USB Tablet: device is a pointer
[    60.237] (II) config/udev: Adding input device VirtualBox USB Tablet (/dev/input/js0)
[    60.238] (II) No input driver specified, ignoring this device.
[    60.238] (II) This device may have been added with another device file.
[    60.239] (II) config/udev: Adding input device VirtualBox USB Tablet (/dev/input/mouse1)
[    60.239] (II) No input driver specified, ignoring this device.
[    60.240] (II) This device may have been added with another device file.
[    60.240] (II) config/udev: Adding input device AT Translated Set 2 keyboard (/dev/input/event2)
[    60.240] (**) AT Translated Set 2 keyboard: Applying InputClass "libinput keyboard catchall"
[    60.240] (II) Using input driver 'libinput' for 'AT Translated Set 2 keyboard'
[    60.242] (II) systemd-logind: got fd for /dev/input/event2 13:66 fd 28 paused 0
[    60.242] (**) AT Translated Set 2 keyboard: always reports core events
[    60.243] (**) Option "Device" "/dev/input/event2"
[    60.243] (**) Option "_source" "server/udev"
[    60.244] (II) event2  - AT Translated Set 2 keyboard: is tagged by udev as: Keyboard
[    60.244] (II) event2  - AT Translated Set 2 keyboard: device is a keyboard
[    60.244] (II) event2  - AT Translated Set 2 keyboard: device removed
[    60.245] (**) Option "config_info" "udev:/sys/devices/platform/i8042/serio0/input/input2/event2"
[    60.245] (II) XINPUT: Adding extended input device "AT Translated Set 2 keyboard" (type: KEYBOARD, id 11)
[    60.245] (**) Option "xkb_model" "pc105"
[    60.245] (**) Option "xkb_layout" "us"
[    60.247] (II) event2  - AT Translated Set 2 keyboard: is tagged by udev as: Keyboard
[    60.247] (II) event2  - AT Translated Set 2 keyboard: device is a keyboard
[    60.248] (II) config/udev: Adding input device ImExPS/2 Generic Explorer Mouse (/dev/input/event4)
[    60.248] (**) ImExPS/2 Generic Explorer Mouse: Applying InputClass "libinput pointer catchall"
[    60.248] (II) Using input driver 'libinput' for 'ImExPS/2 Generic Explorer Mouse'
[    60.249] (II) systemd-logind: got fd for /dev/input/event4 13:68 fd 29 paused 0
[    60.249] (**) ImExPS/2 Generic Explorer Mouse: always reports core events
[    60.249] (**) Option "Device" "/dev/input/event4"
[    60.249] (**) Option "_source" "server/udev"
[    60.252] (II) event4  - ImExPS/2 Generic Explorer Mouse: is tagged by udev as: Mouse
[    60.252] (II) event4  - ImExPS/2 Generic Explorer Mouse: device is a pointer
[    60.252] (II) event4  - ImExPS/2 Generic Explorer Mouse: device removed
[    60.252] (**) Option "config_info" "udev:/sys/devices/platform/i8042/serio1/input/input5/event4"
[    60.252] (II) XINPUT: Adding extended input device "ImExPS/2 Generic Explorer Mouse" (type: MOUSE, id 12)
[    60.252] (**) Option "AccelerationScheme" "none"
[    60.253] (**) ImExPS/2 Generic Explorer Mouse: (accel) selected scheme none/0
[    60.253] (**) ImExPS/2 Generic Explorer Mouse: (accel) acceleration factor: 2.000
[    60.253] (**) ImExPS/2 Generic Explorer Mouse: (accel) acceleration threshold: 4
[    60.254] (II) event4  - ImExPS/2 Generic Explorer Mouse: is tagged by udev as: Mouse
[    60.254] (II) event4  - ImExPS/2 Generic Explorer Mouse: device is a pointer
[    60.256] (II) config/udev: Adding input device ImExPS/2 Generic Explorer Mouse (/dev/input/mouse0)
[    60.256] (II) No input driver specified, ignoring this device.
[    60.256] (II) This device may have been added with another device file.
[  3113.986] (II) config/udev: removing device VirtualBox USB Tablet
[  3114.005] (**) Option "fd" "27"
[  3114.007] (II) event5  - VirtualBox USB Tablet: device removed
[  3114.041] (II) UnloadModule: "libinput"
[  3114.045] (II) systemd-logind: releasing fd for 13:69
[  3114.045] (EE) systemd-logind: failed to release device: Device not taken
[  3114.911] (II) config/udev: Adding input device VirtualBox USB Tablet (/dev/input/mouse1)
[  3114.911] (II) No input driver specified, ignoring this device.
[  3114.911] (II) This device may have been added with another device file.
[  3114.914] (II) config/udev: Adding input device VirtualBox USB Tablet (/dev/input/js0)
[  3114.914] (II) No input driver specified, ignoring this device.
[  3114.914] (II) This device may have been added with another device file.
[  3115.013] (II) config/udev: Adding input device VirtualBox USB Tablet (/dev/input/event5)
[  3115.013] (**) VirtualBox USB Tablet: Applying InputClass "libinput pointer catchall"
[  3115.013] (II) Using input driver 'libinput' for 'VirtualBox USB Tablet'
[  3115.078] (II) systemd-logind: got fd for /dev/input/event5 13:69 fd 41 paused 0
[  3115.078] (**) VirtualBox USB Tablet: always reports core events
[  3115.078] (**) Option "Device" "/dev/input/event5"
[  3115.078] (**) Option "_source" "server/udev"
[  3115.079] (II) event5  - VirtualBox USB Tablet: is tagged by udev as: Mouse
[  3115.079] (II) event5  - VirtualBox USB Tablet: device is a pointer
[  3115.079] (II) event5  - VirtualBox USB Tablet: device removed
[  3115.083] (**) Option "config_info" "udev:/sys/devices/pci0000:00/0000:00:06.0/usb1/1-1/1-1:1.0/0003:80EE:0021.0002/input/input8/event5"
[  3115.083] (II) XINPUT: Adding extended input device "VirtualBox USB Tablet" (type: MOUSE, id 10)
[  3115.101] (**) Option "AccelerationScheme" "none"
[  3115.105] (**) VirtualBox USB Tablet: (accel) selected scheme none/0
[  3115.106] (**) VirtualBox USB Tablet: (accel) acceleration factor: 2.000
[  3115.106] (**) VirtualBox USB Tablet: (accel) acceleration threshold: 4
[  3115.107] (II) event5  - VirtualBox USB Tablet: is tagged by udev as: Mouse
[  3115.107] (II) event5  - VirtualBox USB Tablet: device is a pointer
