[    14.181] (--) Log file renamed from "/home/alex/.local/share/xorg/Xorg.pid-1067.log" to "/home/alex/.local/share/xorg/Xorg.0.log"
[    14.190] 
X.Org X Server 1.20.4
X Protocol Version 11, Revision 0
[    14.190] Build Operating System: Linux 4.4.0-148-generic x86_64 Ubuntu
[    14.190] Current Operating System: Linux alex-VirtualBox 5.0.0-23-generic #24~18.04.1-Ubuntu SMP Mon Jul 29 16:12:28 UTC 2019 x86_64
[    14.190] Kernel command line: BOOT_IMAGE=/boot/vmlinuz-5.0.0-23-generic root=UUID=418a7f1f-969c-40c0-aec4-399bc21418a9 ro quiet splash
[    14.190] Build Date: 02 May 2019  08:06:54AM
[    14.190] xorg-server-hwe-18.04 2:1.20.4-1ubuntu3~18.04.1 (For technical support please see http://www.ubuntu.com/support) 
[    14.190] Current version of pixman: 0.34.0
[    14.190] 	Before reporting problems, check http://wiki.x.org
	to make sure that you have the latest version.
[    14.190] Markers: (--) probed, (**) from config file, (==) default setting,
	(++) from command line, (!!) notice, (II) informational,
	(WW) warning, (EE) error, (NI) not implemented, (??) unknown.
[    14.190] (==) Log file: "/home/alex/.local/share/xorg/Xorg.0.log", Time: Mon Mar  9 18:05:11 2020
[    14.192] (==) Using system config directory "/usr/share/X11/xorg.conf.d"
[    14.215] (==) No Layout section.  Using the first Screen section.
[    14.215] (==) No screen section available. Using defaults.
[    14.215] (**) |-->Screen "Default Screen Section" (0)
[    14.215] (**) |   |-->Monitor "<default monitor>"
[    14.232] (==) No monitor specified for screen "Default Screen Section".
	Using a default monitor configuration.
[    14.232] (==) Automatically adding devices
[    14.233] (==) Automatically enabling devices
[    14.237] (==) Automatically adding GPU devices
[    14.237] (==) Automatically binding GPU devices
[    14.237] (==) Max clients allowed: 256, resource mask: 0x1fffff
[    14.261] (WW) The directory "/usr/share/fonts/X11/cyrillic" does not exist.
[    14.261] 	Entry deleted from font path.
[    14.261] (WW) The directory "/usr/share/fonts/X11/100dpi/" does not exist.
[    14.261] 	Entry deleted from font path.
[    14.261] (WW) The directory "/usr/share/fonts/X11/75dpi/" does not exist.
[    14.261] 	Entry deleted from font path.
[    14.262] (WW) The directory "/usr/share/fonts/X11/100dpi" does not exist.
[    14.262] 	Entry deleted from font path.
[    14.262] (WW) The directory "/usr/share/fonts/X11/75dpi" does not exist.
[    14.262] 	Entry deleted from font path.
[    14.262] (==) FontPath set to:
	/usr/share/fonts/X11/misc,
	/usr/share/fonts/X11/Type1,
	built-ins
[    14.262] (==) ModulePath set to "/usr/lib/xorg/modules"
[    14.262] (II) The server relies on udev to provide the list of input devices.
	If no devices become available, reconfigure udev or disable AutoAddDevices.
[    14.262] (II) Loader magic: 0x55c475216020
[    14.262] (II) Module ABI versions:
[    14.262] 	X.Org ANSI C Emulation: 0.4
[    14.262] 	X.Org Video Driver: 24.0
[    14.262] 	X.Org XInput driver : 24.1
[    14.262] 	X.Org Server Extension : 10.0
[    14.264] (++) using VT number 1

[    14.266] (II) systemd-logind: took control of session /org/freedesktop/login1/session/_31
[    14.267] (II) xfree86: Adding drm device (/dev/dri/card0)
[    14.270] (II) systemd-logind: got fd for /dev/dri/card0 226:0 fd 12 paused 0
[    14.277] (--) PCI:*(0@0:2:0) 15ad:0405:15ad:0405 rev 0, Mem @ 0xf0000000/16777216, 0xf1000000/2097152, I/O @ 0x0000d010/16, BIOS @ 0x????????/131072
[    14.278] (II) LoadModule: "glx"
[    14.290] (II) Loading /usr/lib/xorg/modules/extensions/libglx.so
[    14.436] (II) Module glx: vendor="X.Org Foundation"
[    14.438] 	compiled for 1.20.4, module version = 1.0.0
[    14.439] 	ABI class: X.Org Server Extension, version 10.0
[    14.439] (==) Matched vmware as autoconfigured driver 0
[    14.439] (==) Matched modesetting as autoconfigured driver 1
[    14.439] (==) Matched fbdev as autoconfigured driver 2
[    14.440] (==) Matched vesa as autoconfigured driver 3
[    14.440] (==) Assigned the driver to the xf86ConfigLayout
[    14.440] (II) LoadModule: "vmware"
[    14.444] (II) Loading /usr/lib/xorg/modules/drivers/vmware_drv.so
[    15.221] (II) Module vmware: vendor="X.Org Foundation"
[    15.221] 	compiled for 1.20.1, module version = 13.3.0
[    15.221] 	Module class: X.Org Video Driver
[    15.221] 	ABI class: X.Org Video Driver, version 24.0
[    15.222] (II) LoadModule: "modesetting"
[    15.222] (II) Loading /usr/lib/xorg/modules/drivers/modesetting_drv.so
[    15.242] (II) Module modesetting: vendor="X.Org Foundation"
[    15.242] 	compiled for 1.20.4, module version = 1.20.4
[    15.242] 	Module class: X.Org Video Driver
[    15.242] 	ABI class: X.Org Video Driver, version 24.0
[    15.242] (II) LoadModule: "fbdev"
[    15.242] (II) Loading /usr/lib/xorg/modules/drivers/fbdev_drv.so
[    15.251] (II) Module fbdev: vendor="X.Org Foundation"
[    15.251] 	compiled for 1.20.1, module version = 0.5.0
[    15.251] 	Module class: X.Org Video Driver
[    15.251] 	ABI class: X.Org Video Driver, version 24.0
[    15.251] (II) LoadModule: "vesa"
[    15.251] (II) Loading /usr/lib/xorg/modules/drivers/vesa_drv.so
[    15.258] (II) Module vesa: vendor="X.Org Foundation"
[    15.258] 	compiled for 1.20.1, module version = 2.4.0
[    15.258] 	Module class: X.Org Video Driver
[    15.258] 	ABI class: X.Org Video Driver, version 24.0
[    15.258] (II) vmware: driver for VMware SVGA: vmware0405, vmware0710
[    15.258] (II) modesetting: Driver for Modesetting Kernel Drivers: kms
[    15.258] (II) FBDEV: driver for framebuffer: fbdev
[    15.258] (II) VESA: driver for VESA chipsets: vesa
[    15.258] xf86EnableIOPorts: failed to set IOPL for I/O (Operation not permitted)
[    15.258] (WW) Falling back to old probe method for modesetting
[    15.259] (WW) Falling back to old probe method for fbdev
[    15.259] (II) Loading sub module "fbdevhw"
[    15.259] (II) LoadModule: "fbdevhw"
[    15.259] (II) Loading /usr/lib/xorg/modules/libfbdevhw.so
[    15.268] (II) Module fbdevhw: vendor="X.Org Foundation"
[    15.268] 	compiled for 1.20.4, module version = 0.0.2
[    15.268] 	ABI class: X.Org Video Driver, version 24.0
[    15.268] (EE) open /dev/fb0: Permission denied
[    15.268] (WW) VGA arbiter: cannot open kernel arbiter, no multi-card support
[    15.268] (II) vmware(0): Creating default Display subsection in Screen section
	"Default Screen Section" for depth/fbbpp 24/32
[    15.268] (--) vmware(0): DRM driver version is 2.15.0
[    15.268] (==) vmware(0): Depth 24, (--) framebuffer bpp 32
[    15.268] (==) vmware(0): RGB weight 888
[    15.268] (==) vmware(0): Default visual is TrueColor
[    15.268] (--) vmware(0): Min width 1, Max Width 8192.
[    15.268] (--) vmware(0): Min height 1, Max Height 8192.
[    15.268] (II) vmware(0): Output Virtual1 has no monitor section
[    15.269] (II) vmware(0): Output Virtual2 has no monitor section
[    15.269] (II) vmware(0): Output Virtual3 has no monitor section
[    15.269] (II) vmware(0): Output Virtual4 has no monitor section
[    15.269] (II) vmware(0): Output Virtual5 has no monitor section
[    15.269] (II) vmware(0): Output Virtual6 has no monitor section
[    15.269] (II) vmware(0): Output Virtual7 has no monitor section
[    15.269] (II) vmware(0): Output Virtual8 has no monitor section
[    15.269] (II) vmware(0): Printing probed modes for output Virtual1
[    15.269] (II) vmware(0): Modeline "800x600"x60.0   42.75  800 850 900 950  600 650 700 750 -hsync +vsync (45.0 kHz eP)
[    15.269] (II) vmware(0): Modeline "2560x1600"x60.0  348.50  2560 2752 3032 3504  1600 1603 1609 1658 -hsync +vsync (99.5 kHz e)
[    15.269] (II) vmware(0): Modeline "1920x1440"x60.0  234.00  1920 2048 2256 2600  1440 1441 1444 1500 -hsync +vsync (90.0 kHz e)
[    15.269] (II) vmware(0): Modeline "1856x1392"x60.0  218.25  1856 1952 2176 2528  1392 1393 1396 1439 -hsync +vsync (86.3 kHz e)
[    15.269] (II) vmware(0): Modeline "1792x1344"x60.0  204.75  1792 1920 2120 2448  1344 1345 1348 1394 -hsync +vsync (83.6 kHz e)
[    15.269] (II) vmware(0): Modeline "1920x1200"x59.9  193.25  1920 2056 2256 2592  1200 1203 1209 1245 -hsync +vsync (74.6 kHz e)
[    15.269] (II) vmware(0): Modeline "1600x1200"x60.0  162.00  1600 1664 1856 2160  1200 1201 1204 1250 +hsync +vsync (75.0 kHz e)
[    15.269] (II) vmware(0): Modeline "1680x1050"x60.0  146.25  1680 1784 1960 2240  1050 1053 1059 1089 -hsync +vsync (65.3 kHz e)
[    15.269] (II) vmware(0): Modeline "1400x1050"x60.0  121.75  1400 1488 1632 1864  1050 1053 1057 1089 -hsync +vsync (65.3 kHz e)
[    15.269] (II) vmware(0): Modeline "1280x1024"x60.0  108.00  1280 1328 1440 1688  1024 1025 1028 1066 +hsync +vsync (64.0 kHz e)
[    15.269] (II) vmware(0): Modeline "1440x900"x59.9  106.50  1440 1520 1672 1904  900 903 909 934 -hsync +vsync (55.9 kHz e)
[    15.269] (II) vmware(0): Modeline "1280x960"x60.0  108.00  1280 1376 1488 1800  960 961 964 1000 +hsync +vsync (60.0 kHz e)
[    15.269] (II) vmware(0): Modeline "1360x768"x60.0   85.50  1360 1424 1536 1792  768 771 777 795 +hsync +vsync (47.7 kHz e)
[    15.269] (II) vmware(0): Modeline "1280x800"x59.8   83.50  1280 1352 1480 1680  800 803 809 831 +hsync -vsync (49.7 kHz e)
[    15.269] (II) vmware(0): Modeline "1152x864"x75.0  108.00  1152 1216 1344 1600  864 865 868 900 +hsync +vsync (67.5 kHz e)
[    15.269] (II) vmware(0): Modeline "1280x768"x59.9   79.50  1280 1344 1472 1664  768 771 778 798 -hsync +vsync (47.8 kHz e)
[    15.269] (II) vmware(0): Modeline "1024x768"x60.0   65.00  1024 1048 1184 1344  768 771 777 806 -hsync -vsync (48.4 kHz e)
[    15.269] (II) vmware(0): Modeline "800x600"x60.3   40.00  800 840 968 1056  600 601 605 628 +hsync +vsync (37.9 kHz e)
[    15.269] (II) vmware(0): Modeline "640x480"x59.9   25.18  640 656 752 800  480 489 492 525 -hsync -vsync (31.5 kHz e)
[    15.269] (II) vmware(0): EDID for output Virtual2
[    15.269] (II) vmware(0): EDID for output Virtual3
[    15.269] (II) vmware(0): EDID for output Virtual4
[    15.269] (II) vmware(0): EDID for output Virtual5
[    15.269] (II) vmware(0): EDID for output Virtual6
[    15.269] (II) vmware(0): EDID for output Virtual7
[    15.269] (II) vmware(0): EDID for output Virtual8
[    15.269] (II) vmware(0): Output Virtual1 connected
[    15.269] (II) vmware(0): Output Virtual2 disconnected
[    15.269] (II) vmware(0): Output Virtual3 disconnected
[    15.269] (II) vmware(0): Output Virtual4 disconnected
[    15.269] (II) vmware(0): Output Virtual5 disconnected
[    15.269] (II) vmware(0): Output Virtual6 disconnected
[    15.269] (II) vmware(0): Output Virtual7 disconnected
[    15.269] (II) vmware(0): Output Virtual8 disconnected
[    15.269] (II) vmware(0): Using exact sizes for initial modes
[    15.269] (II) vmware(0): Output Virtual1 using initial mode 800x600 +0+0
[    15.269] (==) vmware(0): DPI set to (96, 96)
[    15.269] (==) vmware(0): Using gamma correction (1.0, 1.0, 1.0)
[    15.269] (II) Loading sub module "fb"
[    15.269] (II) LoadModule: "fb"
[    15.269] (II) Loading /usr/lib/xorg/modules/libfb.so
[    15.280] (II) Module fb: vendor="X.Org Foundation"
[    15.280] 	compiled for 1.20.4, module version = 1.0.0
[    15.280] 	ABI class: X.Org ANSI C Emulation, version 0.4
[    15.280] (II) Loading sub module "dri2"
[    15.280] (II) LoadModule: "dri2"
[    15.280] (II) Module "dri2" already built-in
[    15.280] (II) Loading sub module "dri3"
[    15.280] (II) LoadModule: "dri3"
[    15.280] (II) Module "dri3" already built-in
[    15.280] (II) UnloadModule: "modesetting"
[    15.280] (II) Unloading modesetting
[    15.280] (II) UnloadModule: "fbdev"
[    15.280] (II) Unloading fbdev
[    15.280] (II) UnloadSubModule: "fbdevhw"
[    15.280] (II) Unloading fbdevhw
[    15.280] (II) UnloadModule: "vesa"
[    15.280] (II) Unloading vesa
[    15.283] (II) vmware(0): Initialized VMWARE_CTRL extension version 0.2
[    15.326] (WW) vmware(0): Failed to initialize Gallium3D Xa. No render acceleration available.
[    15.326] (WW) vmware(0): Skipped initialization of direct rendering due to lack of render acceleration.
[    15.326] (--) vmware(0): Render acceleration is disabled.
[    15.326] (==) vmware(0): Rendercheck mode is disabled.
[    15.326] (--) vmware(0): Direct rendering (DRI2 3D) is disabled.
[    15.326] (--) vmware(0): Direct rendering (DRI3 3D) is disabled.
[    15.326] (==) vmware(0): Backing store enabled
[    15.326] (==) vmware(0): Silken mouse enabled
[    15.334] (==) vmware(0): DPMS enabled
[    15.334] (II) vmware(0): No 3D acceleration. Not setting up textured video.
[    15.334] (WW) vmware(0): Disabling Xv because no adaptors could be initialized.
[    15.334] (II) Initializing extension Generic Event Extension
[    15.335] (II) Initializing extension SHAPE
[    15.335] (II) Initializing extension MIT-SHM
[    15.335] (II) Initializing extension XInputExtension
[    15.335] (II) Initializing extension XTEST
[    15.336] (II) Initializing extension BIG-REQUESTS
[    15.336] (II) Initializing extension SYNC
[    15.336] (II) Initializing extension XKEYBOARD
[    15.336] (II) Initializing extension XC-MISC
[    15.336] (II) Initializing extension SECURITY
[    15.336] (II) Initializing extension XFIXES
[    15.336] (II) Initializing extension RENDER
[    15.336] (II) Initializing extension RANDR
[    15.336] (II) Initializing extension COMPOSITE
[    15.336] (II) Initializing extension DAMAGE
[    15.336] (II) Initializing extension MIT-SCREEN-SAVER
[    15.336] (II) Initializing extension DOUBLE-BUFFER
[    15.336] (II) Initializing extension RECORD
[    15.337] (II) Initializing extension DPMS
[    15.337] (II) Initializing extension Present
[    15.337] (II) Initializing extension DRI3
[    15.337] (II) Initializing extension X-Resource
[    15.337] (II) Initializing extension XVideo
[    15.337] (II) Initializing extension XVideo-MotionCompensation
[    15.337] (II) Initializing extension SELinux
[    15.337] (II) SELinux: Disabled on system
[    15.337] (II) Initializing extension GLX
[    15.337] (II) AIGLX: Screen 0 is not DRI2 capable
[    15.494] (II) IGLX: Loaded and initialized swrast
[    15.494] (II) GLX: Initialized DRISWRAST GL provider for screen 0
[    15.494] (II) Initializing extension XFree86-VidModeExtension
[    15.499] (II) Initializing extension XFree86-DGA
[    15.500] (II) Initializing extension XFree86-DRI
[    15.501] (II) Initializing extension DRI2
[    15.511] (II) vmware(0): Setting screen physical size to 211 x 158
[    15.744] (II) config/udev: Adding input device Power Button (/dev/input/event0)
[    15.745] (**) Power Button: Applying InputClass "libinput keyboard catchall"
[    15.745] (II) LoadModule: "libinput"
[    15.745] (II) Loading /usr/lib/xorg/modules/input/libinput_drv.so
[    15.753] (II) Module libinput: vendor="X.Org Foundation"
[    15.753] 	compiled for 1.20.1, module version = 0.28.1
[    15.753] 	Module class: X.Org XInput Driver
[    15.753] 	ABI class: X.Org XInput driver, version 24.1
[    15.753] (II) Using input driver 'libinput' for 'Power Button'
[    15.756] (II) systemd-logind: got fd for /dev/input/event0 13:64 fd 20 paused 0
[    15.756] (**) Power Button: always reports core events
[    15.756] (**) Option "Device" "/dev/input/event0"
[    15.756] (**) Option "_source" "server/udev"
[    15.756] (II) event0  - Power Button: is tagged by udev as: Keyboard
[    15.756] (II) event0  - Power Button: device is a keyboard
[    15.756] (II) event0  - Power Button: device removed
[    15.756] (**) Option "config_info" "udev:/sys/devices/LNXSYSTM:00/LNXPWRBN:00/input/input0/event0"
[    15.756] (II) XINPUT: Adding extended input device "Power Button" (type: KEYBOARD, id 6)
[    15.756] (**) Option "xkb_model" "pc105"
[    15.756] (**) Option "xkb_layout" "us"
[    15.757] (II) event0  - Power Button: is tagged by udev as: Keyboard
[    15.757] (II) event0  - Power Button: device is a keyboard
[    15.758] (II) config/udev: Adding input device Sleep Button (/dev/input/event1)
[    15.758] (**) Sleep Button: Applying InputClass "libinput keyboard catchall"
[    15.758] (II) Using input driver 'libinput' for 'Sleep Button'
[    15.770] (II) systemd-logind: got fd for /dev/input/event1 13:65 fd 23 paused 0
[    15.770] (**) Sleep Button: always reports core events
[    15.770] (**) Option "Device" "/dev/input/event1"
[    15.770] (**) Option "_source" "server/udev"
[    15.771] (II) event1  - Sleep Button: is tagged by udev as: Keyboard
[    15.771] (II) event1  - Sleep Button: device is a keyboard
[    15.771] (II) event1  - Sleep Button: device removed
[    15.771] (**) Option "config_info" "udev:/sys/devices/LNXSYSTM:00/LNXSLPBN:00/input/input1/event1"
[    15.771] (II) XINPUT: Adding extended input device "Sleep Button" (type: KEYBOARD, id 7)
[    15.771] (**) Option "xkb_model" "pc105"
[    15.771] (**) Option "xkb_layout" "us"
[    15.773] (II) event1  - Sleep Button: is tagged by udev as: Keyboard
[    15.773] (II) event1  - Sleep Button: device is a keyboard
[    15.774] (II) config/udev: Adding input device Video Bus (/dev/input/event3)
[    15.774] (**) Video Bus: Applying InputClass "libinput keyboard catchall"
[    15.774] (II) Using input driver 'libinput' for 'Video Bus'
[    15.777] (II) systemd-logind: got fd for /dev/input/event3 13:67 fd 24 paused 0
[    15.777] (**) Video Bus: always reports core events
[    15.778] (**) Option "Device" "/dev/input/event3"
[    15.778] (**) Option "_source" "server/udev"
[    15.784] (II) event3  - Video Bus: is tagged by udev as: Keyboard
[    15.784] (II) event3  - Video Bus: device is a keyboard
[    15.784] (II) event3  - Video Bus: device removed
[    15.784] (**) Option "config_info" "udev:/sys/devices/LNXSYSTM:00/LNXSYBUS:00/PNP0A03:00/LNXVIDEO:00/input/input4/event3"
[    15.784] (II) XINPUT: Adding extended input device "Video Bus" (type: KEYBOARD, id 8)
[    15.784] (**) Option "xkb_model" "pc105"
[    15.785] (**) Option "xkb_layout" "us"
[    15.786] (II) event3  - Video Bus: is tagged by udev as: Keyboard
[    15.787] (II) event3  - Video Bus: device is a keyboard
[    15.790] (II) config/udev: Adding input device VirtualBox mouse integration (/dev/input/event6)
[    15.792] (**) VirtualBox mouse integration: Applying InputClass "libinput pointer catchall"
[    15.792] (II) Using input driver 'libinput' for 'VirtualBox mouse integration'
[    15.795] (II) systemd-logind: got fd for /dev/input/event6 13:70 fd 25 paused 0
[    15.795] (**) VirtualBox mouse integration: always reports core events
[    15.795] (**) Option "Device" "/dev/input/event6"
[    15.795] (**) Option "_source" "server/udev"
[    15.801] (II) event6  - VirtualBox mouse integration: is tagged by udev as: Mouse
[    15.801] (II) event6  - VirtualBox mouse integration: device is a pointer
[    15.801] (II) event6  - VirtualBox mouse integration: device removed
[    15.801] (**) Option "config_info" "udev:/sys/devices/pci0000:00/0000:00:04.0/input/input7/event6"
[    15.801] (II) XINPUT: Adding extended input device "VirtualBox mouse integration" (type: MOUSE, id 9)
[    15.801] (**) Option "AccelerationScheme" "none"
[    15.801] (**) VirtualBox mouse integration: (accel) selected scheme none/0
[    15.801] (**) VirtualBox mouse integration: (accel) acceleration factor: 2.000
[    15.802] (**) VirtualBox mouse integration: (accel) acceleration threshold: 4
[    15.802] (II) event6  - VirtualBox mouse integration: is tagged by udev as: Mouse
[    15.802] (II) event6  - VirtualBox mouse integration: device is a pointer
[    15.805] (II) config/udev: Adding input device VirtualBox mouse integration (/dev/input/js1)
[    15.805] (II) No input driver specified, ignoring this device.
[    15.805] (II) This device may have been added with another device file.
[    15.809] (II) config/udev: Adding input device VirtualBox USB Tablet (/dev/input/event5)
[    15.809] (**) VirtualBox USB Tablet: Applying InputClass "libinput pointer catchall"
[    15.809] (II) Using input driver 'libinput' for 'VirtualBox USB Tablet'
[    15.872] (II) systemd-logind: got fd for /dev/input/event5 13:69 fd 26 paused 0
[    15.872] (**) VirtualBox USB Tablet: always reports core events
[    15.872] (**) Option "Device" "/dev/input/event5"
[    15.872] (**) Option "_source" "server/udev"
[    15.873] (II) event5  - VirtualBox USB Tablet: is tagged by udev as: Mouse
[    15.873] (II) event5  - VirtualBox USB Tablet: device is a pointer
[    15.873] (II) event5  - VirtualBox USB Tablet: device removed
[    15.873] (**) Option "config_info" "udev:/sys/devices/pci0000:00/0000:00:06.0/usb1/1-1/1-1:1.0/0003:80EE:0021.0001/input/input6/event5"
[    15.873] (II) XINPUT: Adding extended input device "VirtualBox USB Tablet" (type: MOUSE, id 10)
[    15.873] (**) Option "AccelerationScheme" "none"
[    15.873] (**) VirtualBox USB Tablet: (accel) selected scheme none/0
[    15.873] (**) VirtualBox USB Tablet: (accel) acceleration factor: 2.000
[    15.873] (**) VirtualBox USB Tablet: (accel) acceleration threshold: 4
[    15.873] (II) event5  - VirtualBox USB Tablet: is tagged by udev as: Mouse
[    15.873] (II) event5  - VirtualBox USB Tablet: device is a pointer
[    15.874] (II) config/udev: Adding input device VirtualBox USB Tablet (/dev/input/js0)
[    15.874] (II) No input driver specified, ignoring this device.
[    15.874] (II) This device may have been added with another device file.
[    15.876] (II) config/udev: Adding input device VirtualBox USB Tablet (/dev/input/mouse1)
[    15.877] (II) No input driver specified, ignoring this device.
[    15.877] (II) This device may have been added with another device file.
[    15.877] (II) config/udev: Adding input device AT Translated Set 2 keyboard (/dev/input/event2)
[    15.878] (**) AT Translated Set 2 keyboard: Applying InputClass "libinput keyboard catchall"
[    15.878] (II) Using input driver 'libinput' for 'AT Translated Set 2 keyboard'
[    15.880] (II) systemd-logind: got fd for /dev/input/event2 13:66 fd 27 paused 0
[    15.882] (**) AT Translated Set 2 keyboard: always reports core events
[    15.882] (**) Option "Device" "/dev/input/event2"
[    15.882] (**) Option "_source" "server/udev"
[    15.888] (II) event2  - AT Translated Set 2 keyboard: is tagged by udev as: Keyboard
[    15.888] (II) event2  - AT Translated Set 2 keyboard: device is a keyboard
[    15.888] (II) event2  - AT Translated Set 2 keyboard: device removed
[    15.888] (**) Option "config_info" "udev:/sys/devices/platform/i8042/serio0/input/input2/event2"
[    15.888] (II) XINPUT: Adding extended input device "AT Translated Set 2 keyboard" (type: KEYBOARD, id 11)
[    15.888] (**) Option "xkb_model" "pc105"
[    15.888] (**) Option "xkb_layout" "us"
[    15.894] (II) event2  - AT Translated Set 2 keyboard: is tagged by udev as: Keyboard
[    15.894] (II) event2  - AT Translated Set 2 keyboard: device is a keyboard
[    15.899] (II) config/udev: Adding input device ImExPS/2 Generic Explorer Mouse (/dev/input/event4)
[    15.899] (**) ImExPS/2 Generic Explorer Mouse: Applying InputClass "libinput pointer catchall"
[    15.899] (II) Using input driver 'libinput' for 'ImExPS/2 Generic Explorer Mouse'
[    15.901] (II) systemd-logind: got fd for /dev/input/event4 13:68 fd 28 paused 0
[    15.901] (**) ImExPS/2 Generic Explorer Mouse: always reports core events
[    15.901] (**) Option "Device" "/dev/input/event4"
[    15.902] (**) Option "_source" "server/udev"
[    15.902] (II) event4  - ImExPS/2 Generic Explorer Mouse: is tagged by udev as: Mouse
[    15.902] (II) event4  - ImExPS/2 Generic Explorer Mouse: device is a pointer
[    15.903] (II) event4  - ImExPS/2 Generic Explorer Mouse: device removed
[    15.903] (**) Option "config_info" "udev:/sys/devices/platform/i8042/serio1/input/input5/event4"
[    15.903] (II) XINPUT: Adding extended input device "ImExPS/2 Generic Explorer Mouse" (type: MOUSE, id 12)
[    15.903] (**) Option "AccelerationScheme" "none"
[    15.904] (**) ImExPS/2 Generic Explorer Mouse: (accel) selected scheme none/0
[    15.904] (**) ImExPS/2 Generic Explorer Mouse: (accel) acceleration factor: 2.000
[    15.904] (**) ImExPS/2 Generic Explorer Mouse: (accel) acceleration threshold: 4
[    15.908] (II) event4  - ImExPS/2 Generic Explorer Mouse: is tagged by udev as: Mouse
[    15.908] (II) event4  - ImExPS/2 Generic Explorer Mouse: device is a pointer
[    15.909] (II) config/udev: Adding input device ImExPS/2 Generic Explorer Mouse (/dev/input/mouse0)
[    15.909] (II) No input driver specified, ignoring this device.
[    15.909] (II) This device may have been added with another device file.
[  1202.024] (II) event4  - ImExPS/2 Generic Explorer Mouse: Enabling spurious button debouncing, see https://wayland.freedesktop.org/libinput/doc/1.10.4/button_debouncing.html for details
